[     951ms] [ERROR] Loading the script 'https://vercel.live/_next-live/feedback/feedback.js' violates the following Content Security Policy directive: "script-src 'self' 'unsafe-inline' https://js.stripe.com https://cdn.agora.io https://us.i.posthog.com". Note that 'script-src-elem' was not explicitly set, so 'script-src' is used as a fallback. The action has been blocked. @ https://muuday-r9x5mj4nm-muuday1s-projects.vercel.app/_next/static/chunks/webpack-dde2d03f4ad32401.js?dpl=dpl_Bf7qWjwx7pFEkQpAxQTXa5DTHRz2:1
[    1398ms] [ERROR] Connecting to 'https://app.muuday.com/buscar' violates the following Content Security Policy directive: "connect-src 'self' https://*.supabase.co wss://*.supabase.co https://us.i.posthog.com https://*.sentry.io https://*.ingest.us.sentry.io https://api.stripe.com https://*.stripe.com https://*.agora.io wss://*.agora.io". The action has been blocked. @ https://muuday-r9x5mj4nm-muuday1s-projects.vercel.app/:0
[    1403ms] [ERROR] Failed to fetch RSC payload for https://muuday-r9x5mj4nm-muuday1s-projects.vercel.app/buscar. Falling back to browser navigation. TypeError: Failed to fetch (muuday-r9x5mj4nm-muuday1s-projects.vercel.app)
    at https://muuday-r9x5mj4nm-muuday1s-projects.vercel.app/_next/static/chunks/7893-b67abe7383a416be.js?dpl=dpl_Bf7qWjwx7pFEkQpAxQTXa5DTHRz2:6:39329
    at f (https://muuday-r9x5mj4nm-muuday1s-projects.vercel.app/_next/static/chunks/7893-b67abe7383a416be.js?dpl=dpl_Bf7qWjwx7pFEkQpAxQTXa5DTHRz2:1:46835)
    at https://muuday-r9x5mj4nm-muuday1s-projects.vercel.app/_next/static/chunks/7893-b67abe7383a416be.js?dpl=dpl_Bf7qWjwx7pFEkQpAxQTXa5DTHRz2:1:60387
    at Object.o [as task] (https://muuday-r9x5mj4nm-muuday1s-projects.vercel.app/_next/static/chunks/7893-b67abe7383a416be.js?dpl=dpl_Bf7qWjwx7pFEkQpAxQTXa5DTHRz2:1:33134)
    at l.c (https://muuday-r9x5mj4nm-muuday1s-projects.vercel.app/_next/static/chunks/7893-b67abe7383a416be.js?dpl=dpl_Bf7qWjwx7pFEkQpAxQTXa5DTHRz2:1:33839)
    at l.enqueue (https://muuday-r9x5mj4nm-muuday1s-projects.vercel.app/_next/static/chunks/7893-b67abe7383a416be.js?dpl=dpl_Bf7qWjwx7pFEkQpAxQTXa5DTHRz2:1:33264)
    at c (https://muuday-r9x5mj4nm-muuday1s-projects.vercel.app/_next/static/chunks/7893-b67abe7383a416be.js?dpl=dpl_Bf7qWjwx7pFEkQpAxQTXa5DTHRz2:1:60350)
    at u (https://muuday-r9x5mj4nm-muuday1s-projects.vercel.app/_next/static/chunks/7893-b67abe7383a416be.js?dpl=dpl_Bf7qWjwx7pFEkQpAxQTXa5DTHRz2:1:59890)
    at s (https://muuday-r9x5mj4nm-muuday1s-projects.vercel.app/_next/static/chunks/7893-b67abe7383a416be.js?dpl=dpl_Bf7qWjwx7pFEkQpAxQTXa5DTHRz2:1:66716)
    at f (https://muuday-r9x5mj4nm-muuday1s-projects.vercel.app/_next/static/chunks/7893-b67abe7383a416be.js?dpl=dpl_Bf7qWjwx7pFEkQpAxQTXa5DTHRz2:1:76683)
    at Object.action (https://muuday-r9x5mj4nm-muuday1s-projects.vercel.app/_next/static/chunks/7893-b67abe7383a416be.js?dpl=dpl_Bf7qWjwx7pFEkQpAxQTXa5DTHRz2:2:10477)
    at l (https://muuday-r9x5mj4nm-muuday1s-projects.vercel.app/_next/static/chunks/7893-b67abe7383a416be.js?dpl=dpl_Bf7qWjwx7pFEkQpAxQTXa5DTHRz2:2:9605)
    at u (https://muuday-r9x5mj4nm-muuday1s-projects.vercel.app/_next/static/chunks/7893-b67abe7383a416be.js?dpl=dpl_Bf7qWjwx7pFEkQpAxQTXa5DTHRz2:2:9289)
    at l (https://muuday-r9x5mj4nm-muuday1s-projects.vercel.app/_next/static/chunks/7893-b67abe7383a416be.js?dpl=dpl_Bf7qWjwx7pFEkQpAxQTXa5DTHRz2:2:9704) @ https://muuday-r9x5mj4nm-muuday1s-projects.vercel.app/_next/static/chunks/7893-b67abe7383a416be.js?dpl=dpl_Bf7qWjwx7pFEkQpAxQTXa5DTHRz2:18
[    1459ms] [ERROR] Connecting to 'https://app.muuday.com/cadastro' violates the following Content Security Policy directive: "connect-src 'self' https://*.supabase.co wss://*.supabase.co https://us.i.posthog.com https://*.sentry.io https://*.ingest.us.sentry.io https://api.stripe.com https://*.stripe.com https://*.agora.io wss://*.agora.io". The action has been blocked. @ https://muuday-r9x5mj4nm-muuday1s-projects.vercel.app/:0
[    1460ms] [ERROR] Failed to fetch RSC payload for https://muuday-r9x5mj4nm-muuday1s-projects.vercel.app/cadastro. Falling back to browser navigation. TypeError: Failed to fetch (muuday-r9x5mj4nm-muuday1s-projects.vercel.app)
    at https://muuday-r9x5mj4nm-muuday1s-projects.vercel.app/_next/static/chunks/7893-b67abe7383a416be.js?dpl=dpl_Bf7qWjwx7pFEkQpAxQTXa5DTHRz2:6:39329
    at f (https://muuday-r9x5mj4nm-muuday1s-projects.vercel.app/_next/static/chunks/7893-b67abe7383a416be.js?dpl=dpl_Bf7qWjwx7pFEkQpAxQTXa5DTHRz2:1:46835)
    at https://muuday-r9x5mj4nm-muuday1s-projects.vercel.app/_next/static/chunks/7893-b67abe7383a416be.js?dpl=dpl_Bf7qWjwx7pFEkQpAxQTXa5DTHRz2:1:60387
    at Object.o [as task] (https://muuday-r9x5mj4nm-muuday1s-projects.vercel.app/_next/static/chunks/7893-b67abe7383a416be.js?dpl=dpl_Bf7qWjwx7pFEkQpAxQTXa5DTHRz2:1:33134)
    at l.c (https://muuday-r9x5mj4nm-muuday1s-projects.vercel.app/_next/static/chunks/7893-b67abe7383a416be.js?dpl=dpl_Bf7qWjwx7pFEkQpAxQTXa5DTHRz2:1:33839)
    at l.enqueue (https://muuday-r9x5mj4nm-muuday1s-projects.vercel.app/_next/static/chunks/7893-b67abe7383a416be.js?dpl=dpl_Bf7qWjwx7pFEkQpAxQTXa5DTHRz2:1:33264)
    at c (https://muuday-r9x5mj4nm-muuday1s-projects.vercel.app/_next/static/chunks/7893-b67abe7383a416be.js?dpl=dpl_Bf7qWjwx7pFEkQpAxQTXa5DTHRz2:1:60350)
    at u (https://muuday-r9x5mj4nm-muuday1s-projects.vercel.app/_next/static/chunks/7893-b67abe7383a416be.js?dpl=dpl_Bf7qWjwx7pFEkQpAxQTXa5DTHRz2:1:59890)
    at s (https://muuday-r9x5mj4nm-muuday1s-projects.vercel.app/_next/static/chunks/7893-b67abe7383a416be.js?dpl=dpl_Bf7qWjwx7pFEkQpAxQTXa5DTHRz2:1:66716)
    at f (https://muuday-r9x5mj4nm-muuday1s-projects.vercel.app/_next/static/chunks/7893-b67abe7383a416be.js?dpl=dpl_Bf7qWjwx7pFEkQpAxQTXa5DTHRz2:1:76683)
    at Object.action (https://muuday-r9x5mj4nm-muuday1s-projects.vercel.app/_next/static/chunks/7893-b67abe7383a416be.js?dpl=dpl_Bf7qWjwx7pFEkQpAxQTXa5DTHRz2:2:10477)
    at l (https://muuday-r9x5mj4nm-muuday1s-projects.vercel.app/_next/static/chunks/7893-b67abe7383a416be.js?dpl=dpl_Bf7qWjwx7pFEkQpAxQTXa5DTHRz2:2:9605)
    at u (https://muuday-r9x5mj4nm-muuday1s-projects.vercel.app/_next/static/chunks/7893-b67abe7383a416be.js?dpl=dpl_Bf7qWjwx7pFEkQpAxQTXa5DTHRz2:2:9289)
    at l (https://muuday-r9x5mj4nm-muuday1s-projects.vercel.app/_next/static/chunks/7893-b67abe7383a416be.js?dpl=dpl_Bf7qWjwx7pFEkQpAxQTXa5DTHRz2:2:9704) @ https://muuday-r9x5mj4nm-muuday1s-projects.vercel.app/_next/static/chunks/7893-b67abe7383a416be.js?dpl=dpl_Bf7qWjwx7pFEkQpAxQTXa5DTHRz2:18
[    1534ms] [ERROR] Failed to load resource: the server responded with a status of 404 () @ https://muuday-r9x5mj4nm-muuday1s-projects.vercel.app/favicon.ico:0
